<?xml version="1.0" encoding="UTF-8"?>
<testng-results skipped="0" failed="0" total="1" passed="1">
  <reporter-output>
  </reporter-output>
  <suite name="Default suite" duration-ms="22788" started-at="2017-10-28T12:29:53Z" finished-at="2017-10-28T12:30:15Z">
    <groups>
    </groups>
    <test name="Default test" duration-ms="22788" started-at="2017-10-28T12:29:53Z" finished-at="2017-10-28T12:30:15Z">
      <class name="TestCases.TC0010_Click_On_Metro">
        <test-method status="PASS" signature="ClickonMetroOnHonePage()[pri:0, instance:TestCases.TC0010_Click_On_Metro@6767c1fc]" name="ClickonMetroOnHonePage" duration-ms="22736" started-at="2017-10-28T17:59:53Z" finished-at="2017-10-28T18:00:15Z">
          <reporter-output>
          </reporter-output>
        </test-method> <!-- ClickonMetroOnHonePage -->
      </class> <!-- TestCases.TC0010_Click_On_Metro -->
    </test> <!-- Default test -->
  </suite> <!-- Default suite -->
</testng-results>
