<?xml version="1.0" encoding="UTF-8"?>
<testng-results skipped="0" failed="0" total="1" passed="1">
  <reporter-output>
  </reporter-output>
  <suite name="Default suite" duration-ms="20170" started-at="2017-10-11T17:37:06Z" finished-at="2017-10-11T17:37:26Z">
    <groups>
    </groups>
    <test name="Default test" duration-ms="20170" started-at="2017-10-11T17:37:06Z" finished-at="2017-10-11T17:37:26Z">
      <class name="TestCases.TC001_Lauch_Browser">
        <test-method status="PASS" signature="Launch_Browser()[pri:0, instance:TestCases.TC001_Lauch_Browser@2b98378d]" name="Launch_Browser" is-config="true" duration-ms="3612" started-at="2017-10-11T23:07:06Z" finished-at="2017-10-11T23:07:10Z">
          <reporter-output>
          </reporter-output>
        </test-method> <!-- Launch_Browser -->
        <test-method status="PASS" signature="Get_App()[pri:0, instance:TestCases.TC001_Lauch_Browser@2b98378d]" name="Get_App" duration-ms="16523" started-at="2017-10-11T23:07:10Z" finished-at="2017-10-11T23:07:26Z">
          <reporter-output>
          </reporter-output>
        </test-method> <!-- Get_App -->
      </class> <!-- TestCases.TC001_Lauch_Browser -->
    </test> <!-- Default test -->
  </suite> <!-- Default suite -->
</testng-results>
